Determining if the pthread_create exist failed with the following output:
Change Dir: /home/pc-proyecto/Manipulacion/catkin_ws/build/kr52_moveit_config/CMakeFiles/CMakeTmp

Run Build Command:"/usr/bin/make" "cmTC_5642d/fast"
/usr/bin/make -f CMakeFiles/cmTC_5642d.dir/build.make CMakeFiles/cmTC_5642d.dir/build
make[1]: se entra en el directorio '/home/pc-proyecto/Manipulacion/catkin_ws/build/kr52_moveit_config/CMakeFiles/CMakeTmp'
Building C object CMakeFiles/cmTC_5642d.dir/CheckSymbolExists.c.o
/usr/bin/cc    -o CMakeFiles/cmTC_5642d.dir/CheckSymbolExists.c.o   -c /home/pc-proyecto/Manipulacion/catkin_ws/build/kr52_moveit_config/CMakeFiles/CMakeTmp/CheckSymbolExists.c
Linking C executable cmTC_5642d
/usr/bin/cmake -E cmake_link_script CMakeFiles/cmTC_5642d.dir/link.txt --verbose=1
/usr/bin/cc      -rdynamic CMakeFiles/cmTC_5642d.dir/CheckSymbolExists.c.o  -o cmTC_5642d 
CMakeFiles/cmTC_5642d.dir/CheckSymbolExists.c.o: En la funci√≥n `main':
CheckSymbolExists.c:(.text+0x1b): referencia a `pthread_create' sin definir
collect2: error: ld returned 1 exit status
CMakeFiles/cmTC_5642d.dir/build.make:97: fallo en las instrucciones para el objetivo 'cmTC_5642d'
make[1]: *** [cmTC_5642d] Error 1
make[1]: se sale del directorio '/home/pc-proyecto/Manipulacion/catkin_ws/build/kr52_moveit_config/CMakeFiles/CMakeTmp'
Makefile:126: fallo en las instrucciones para el objetivo 'cmTC_5642d/fast'
make: *** [cmTC_5642d/fast] Error 2

File /home/pc-proyecto/Manipulacion/catkin_ws/build/kr52_moveit_config/CMakeFiles/CMakeTmp/CheckSymbolExists.c:
/* */
#include <pthread.h>

int main(int argc, char** argv)
{
  (void)argv;
#ifndef pthread_create
  return ((int*)(&pthread_create))[argc];
#else
  (void)argc;
  return 0;
#endif
}

Determining if the function pthread_create exists in the pthreads failed with the following output:
Change Dir: /home/pc-proyecto/Manipulacion/catkin_ws/build/kr52_moveit_config/CMakeFiles/CMakeTmp

Run Build Command:"/usr/bin/make" "cmTC_79046/fast"
/usr/bin/make -f CMakeFiles/cmTC_79046.dir/build.make CMakeFiles/cmTC_79046.dir/build
make[1]: se entra en el directorio '/home/pc-proyecto/Manipulacion/catkin_ws/build/kr52_moveit_config/CMakeFiles/CMakeTmp'
Building C object CMakeFiles/cmTC_79046.dir/CheckFunctionExists.c.o
/usr/bin/cc   -DCHECK_FUNCTION_EXISTS=pthread_create   -o CMakeFiles/cmTC_79046.dir/CheckFunctionExists.c.o   -c /usr/share/cmake-3.10/Modules/CheckFunctionExists.c
Linking C executable cmTC_79046
/usr/bin/cmake -E cmake_link_script CMakeFiles/cmTC_79046.dir/link.txt --verbose=1
/usr/bin/cc  -DCHECK_FUNCTION_EXISTS=pthread_create    -rdynamic CMakeFiles/cmTC_79046.dir/CheckFunctionExists.c.o  -o cmTC_79046 -lpthreads 
/usr/bin/ld: no se puede encontrar -lpthreads
collect2: error: ld returned 1 exit status
CMakeFiles/cmTC_79046.dir/build.make:97: fallo en las instrucciones para el objetivo 'cmTC_79046'
make[1]: *** [cmTC_79046] Error 1
make[1]: se sale del directorio '/home/pc-proyecto/Manipulacion/catkin_ws/build/kr52_moveit_config/CMakeFiles/CMakeTmp'
Makefile:126: fallo en las instrucciones para el objetivo 'cmTC_79046/fast'
make: *** [cmTC_79046/fast] Error 2


